Using pre-set license
Built from '2020.3/staging' branch; Version is '2020.3.3f1 (76626098c1c4) revision 7758432'; Using compiler version '192528614'; Build Type 'Release'
OS: 'Windows 10 Home; OS build 19043.1526; Version 2009; 64bit' Language: 'pl' Physical Memory: 14571 MB
BatchMode: 1, IsHumanControllingUs: 0, StartBugReporterOnCrash: 0, Is64bit: 1, IsPro: 0

 COMMAND LINE ARGUMENTS:
E:\Unity\2020.3.3f1\Editor\Unity.exe
-adb2
-batchMode
-noUpm
-name
AssetImportWorker0
-projectPath
D:/FPSGame/Simple-FPS-game/FPS Game
-logFile
Logs/AssetImportWorker0.log
-srvPort
56594
Successfully changed project path to: D:/FPSGame/Simple-FPS-game/FPS Game
D:/FPSGame/Simple-FPS-game/FPS Game
Using Asset Import Pipeline V2.
Refreshing native plugins compatible for Editor in 26.65 ms, found 0 plugins.
Preloading 0 native plugins for Editor in 0.00 ms.
Initialize engine version: 2020.3.3f1 (76626098c1c4)
[Subsystems] Discovering subsystems at path E:/Unity/2020.3.3f1/Editor/Data/Resources/UnitySubsystems
[Subsystems] Discovering subsystems at path D:/FPSGame/Simple-FPS-game/FPS Game/Assets
GfxDevice: creating device client; threaded=0
Direct3D:
    Version:  Direct3D 11.0 [level 11.1]
    Renderer: NVIDIA GeForce GTX 960 (ID=0x1401)
    Vendor:   
    VRAM:     4053 MB
    Driver:   30.0.15.1165
Initialize mono
Mono path[0] = 'E:/Unity/2020.3.3f1/Editor/Data/Managed'
Mono path[1] = 'E:/Unity/2020.3.3f1/Editor/Data/MonoBleedingEdge/lib/mono/unityjit'
Mono config path = 'E:/Unity/2020.3.3f1/Editor/Data/MonoBleedingEdge/etc'
Using monoOptions --debugger-agent=transport=dt_socket,embedding=1,server=y,suspend=n,address=127.0.0.1:56868
Begin MonoManager ReloadAssembly
Registering precompiled unity dll's ...
Register platform support module: E:/Unity/2020.3.3f1/Editor/Data/PlaybackEngines/WindowsStandaloneSupport/UnityEditor.WindowsStandalone.Extensions.dll
Registered in 0.001356 seconds.
Native extension for WindowsStandalone target not found
Refreshing native plugins compatible for Editor in 25.26 ms, found 0 plugins.
Preloading 0 native plugins for Editor in 0.00 ms.
Invoked RoslynAnalysisRunner static constructor.
RoslynAnalysisRunner will not be running.
RoslynAnalysisRunner has terminated.
Mono: successfully reloaded assembly
- Completed reload, in  1.394 seconds
Platform modules already initialized, skipping
Registering precompiled user dll's ...
Registered in 0.001698 seconds.
Begin MonoManager ReloadAssembly
Native extension for WindowsStandalone target not found
Refreshing native plugins compatible for Editor in 0.24 ms, found 0 plugins.
Preloading 0 native plugins for Editor in 0.00 ms.
Invoked RoslynAnalysisRunner static constructor.
RoslynAnalysisRunner will not be running.
RoslynAnalysisRunner has terminated.
Mono: successfully reloaded assembly
- Completed reload, in  0.890 seconds
Platform modules already initialized, skipping
========================================================================
Worker process is ready to serve import requests
Launched and connected shader compiler UnityShaderCompiler.exe after 0.06 seconds
Refreshing native plugins compatible for Editor in 0.24 ms, found 0 plugins.
Preloading 0 native plugins for Editor in 0.00 ms.
Unloading 1240 Unused Serialized files (Serialized files now loaded: 0)
System memory in use before: 62.6 MB.
System memory in use after: 62.7 MB.

Unloading 13 unused Assets to reduce memory usage. Loaded Objects now: 1679.
Total: 12.660800 ms (FindLiveObjects: 0.156600 ms CreateObjectMapping: 0.053600 ms MarkObjects: 12.370200 ms  DeleteObjects: 0.078500 ms)

========================================================================
Received Import Request.
  path: Assets/PlayerNameManager.cs
  artifactKey: Guid(d4dd1fbfdcf283d419246bb5a0918bb2) Importer(815301076,1909f56bfc062723c751e8b465ee728b)
Start importing Assets/PlayerNameManager.cs using Guid(d4dd1fbfdcf283d419246bb5a0918bb2) Importer(815301076,1909f56bfc062723c751e8b465ee728b)  -> (artifact id: 'a8a9b11da1bc3e07788b5728e1b1e1bd') in 0.161400 seconds
  Import took 0.163298 seconds .

========================================================================
Received Import Request.
  Time since last request: 2.802767 seconds.
  path: Assets/Scenes
  artifactKey: Guid(34843d6263b512041a91903d1f3dcc7a) Importer(815301076,1909f56bfc062723c751e8b465ee728b)
Start importing Assets/Scenes using Guid(34843d6263b512041a91903d1f3dcc7a) Importer(815301076,1909f56bfc062723c751e8b465ee728b)  -> (artifact id: 'b2ea1f0b75cdebdad20c4f3858d17226') in 0.011791 seconds
  Import took 0.014182 seconds .

========================================================================
Received Import Request.
  Time since last request: 1.107624 seconds.
  path: Assets/Scenes/Menu.unity
  artifactKey: Guid(9fc0d4010bbf28b4594072e72b8655ab) Importer(815301076,1909f56bfc062723c751e8b465ee728b)
Start importing Assets/Scenes/Menu.unity using Guid(9fc0d4010bbf28b4594072e72b8655ab) Importer(815301076,1909f56bfc062723c751e8b465ee728b)  -> (artifact id: 'a5ee5bd91e1f9dbe877bf43878f39027') in 0.017332 seconds
  Import took 0.019510 seconds .

========================================================================
Received Import Request.
  Time since last request: 24.420148 seconds.
  path: Assets/Photon/PhotonUnityNetworking/Resources/PhotonServerSettings.asset
  artifactKey: Guid(3c12dec1a0c96fd4588ad961a56e3c50) Importer(815301076,1909f56bfc062723c751e8b465ee728b)
Start importing Assets/Photon/PhotonUnityNetworking/Resources/PhotonServerSettings.asset using Guid(3c12dec1a0c96fd4588ad961a56e3c50) Importer(815301076,1909f56bfc062723c751e8b465ee728b)  -> (artifact id: '6122f005f23ba9b5d89d428a47158d47') in 0.012530 seconds
  Import took 0.014785 seconds .

========================================================================
Received Import Request.
  Time since last request: 0.025013 seconds.
  path: Assets/Photon/PhotonUnityNetworking/Resources/PhotonServerSettings.asset
  artifactKey: Guid(3c12dec1a0c96fd4588ad961a56e3c50) Importer(815301076,1909f56bfc062723c751e8b465ee728b)
Start importing Assets/Photon/PhotonUnityNetworking/Resources/PhotonServerSettings.asset using Guid(3c12dec1a0c96fd4588ad961a56e3c50) Importer(815301076,1909f56bfc062723c751e8b465ee728b)  -> (artifact id: '6122f005f23ba9b5d89d428a47158d47') in 0.002748 seconds
  Import took 0.005960 seconds .

========================================================================
Received Prepare
Registering precompiled user dll's ...
Registered in 0.001507 seconds.
Begin MonoManager ReloadAssembly
Native extension for WindowsStandalone target not found
Refreshing native plugins compatible for Editor in 0.35 ms, found 0 plugins.
Preloading 0 native plugins for Editor in 0.00 ms.
Invoked RoslynAnalysisRunner static constructor.
RoslynAnalysisRunner will not be running.
RoslynAnalysisRunner has terminated.
Mono: successfully reloaded assembly
- Completed reload, in  0.876 seconds
Platform modules already initialized, skipping
Refreshing native plugins compatible for Editor in 0.31 ms, found 0 plugins.
Preloading 0 native plugins for Editor in 0.00 ms.
Unloading 1223 Unused Serialized files (Serialized files now loaded: 0)
System memory in use before: 61.4 MB.
System memory in use after: 61.5 MB.

Unloading 8 unused Assets to reduce memory usage. Loaded Objects now: 1682.
Total: 2.809400 ms (FindLiveObjects: 0.307300 ms CreateObjectMapping: 0.111400 ms MarkObjects: 2.350600 ms  DeleteObjects: 0.038000 ms)

========================================================================
Received Import Request.
  Time since last request: 32.329079 seconds.
  path: Assets/Prefabs/BulletImpact.prefab
  artifactKey: Guid(e53c980aac40f714e8037076227eeeec) Importer(815301076,1909f56bfc062723c751e8b465ee728b)
Start importing Assets/Prefabs/BulletImpact.prefab using Guid(e53c980aac40f714e8037076227eeeec) Importer(815301076,1909f56bfc062723c751e8b465ee728b)  -> (artifact id: '2d98d7bb59bd2616f6a71eab83fd5931') in 0.443630 seconds
  Import took 0.446176 seconds .

========================================================================
Received Import Request.
  Time since last request: 0.000427 seconds.
  path: Assets/Prefabs/PlayerListItem.prefab
  artifactKey: Guid(d11edb5dbb901db49a659dace16ad395) Importer(815301076,1909f56bfc062723c751e8b465ee728b)
Start importing Assets/Prefabs/PlayerListItem.prefab using Guid(d11edb5dbb901db49a659dace16ad395) Importer(815301076,1909f56bfc062723c751e8b465ee728b)  -> (artifact id: '2036d68f10e6566ac26aa13416e79d18') in 0.065193 seconds
  Import took 0.067327 seconds .

========================================================================
Received Import Request.
  Time since last request: 0.000222 seconds.
  path: Assets/Prefabs/Spawnpoint.prefab
  artifactKey: Guid(908272d8917bff141a507551c82e651b) Importer(815301076,1909f56bfc062723c751e8b465ee728b)
Start importing Assets/Prefabs/Spawnpoint.prefab using Guid(908272d8917bff141a507551c82e651b) Importer(815301076,1909f56bfc062723c751e8b465ee728b)  -> (artifact id: '7725de6e6fc161df7647a44e64ac88db') in 0.028090 seconds
  Import took 0.030475 seconds .

========================================================================
Received Import Request.
  Time since last request: 0.000233 seconds.
  path: Assets/Prefabs/RoomListItem.prefab
  artifactKey: Guid(1269824dfd0cb1642a9294fbbfb1a1ea) Importer(815301076,1909f56bfc062723c751e8b465ee728b)
Start importing Assets/Prefabs/RoomListItem.prefab using Guid(1269824dfd0cb1642a9294fbbfb1a1ea) Importer(815301076,1909f56bfc062723c751e8b465ee728b)  -> (artifact id: '1a55e98be3bd20679fa54b26e0df49db') in 0.042101 seconds
  Import took 0.044395 seconds .

========================================================================
Received Import Request.
  Time since last request: 0.831930 seconds.
  path: Assets/Scenes/Game.unity
  artifactKey: Guid(15ac9239e282ded4389eb82e27054d86) Importer(815301076,1909f56bfc062723c751e8b465ee728b)
Start importing Assets/Scenes/Game.unity using Guid(15ac9239e282ded4389eb82e27054d86) Importer(815301076,1909f56bfc062723c751e8b465ee728b)  -> (artifact id: '0a5bf0991a149d42aaa5359fa89c8fd4') in 0.007309 seconds
  Import took 0.009662 seconds .

========================================================================
Received Import Request.
  Time since last request: 0.000509 seconds.
  path: Assets/Scenes/Game.unity
  artifactKey: Guid(15ac9239e282ded4389eb82e27054d86) Importer(815301076,1909f56bfc062723c751e8b465ee728b)
Start importing Assets/Scenes/Game.unity using Guid(15ac9239e282ded4389eb82e27054d86) Importer(815301076,1909f56bfc062723c751e8b465ee728b)  -> (artifact id: '0a5bf0991a149d42aaa5359fa89c8fd4') in 0.002991 seconds
  Import took 0.005561 seconds .

========================================================================
Received Prepare
Registering precompiled user dll's ...
Registered in 0.001573 seconds.
Begin MonoManager ReloadAssembly
Native extension for WindowsStandalone target not found
Refreshing native plugins compatible for Editor in 0.32 ms, found 0 plugins.
Preloading 0 native plugins for Editor in 0.00 ms.
Invoked RoslynAnalysisRunner static constructor.
RoslynAnalysisRunner will not be running.
RoslynAnalysisRunner has terminated.
Mono: successfully reloaded assembly
- Completed reload, in  0.953 seconds
Platform modules already initialized, skipping
Refreshing native plugins compatible for Editor in 0.55 ms, found 0 plugins.
Preloading 0 native plugins for Editor in 0.00 ms.
Unloading 1223 Unused Serialized files (Serialized files now loaded: 0)
System memory in use before: 64.6 MB.
System memory in use after: 64.7 MB.

Unloading 9 unused Assets to reduce memory usage. Loaded Objects now: 1695.
Total: 4.122400 ms (FindLiveObjects: 1.079300 ms CreateObjectMapping: 0.101300 ms MarkObjects: 2.880400 ms  DeleteObjects: 0.059500 ms)

AssetImportWorkerClient::OnTransportError - code=2 error=End of file
